<?xml version="1.0" encoding="UTF-8"?>
<testsuite xmlns:xsi="http://www.w3.org/2001/XMLSchema-instance" xsi:noNamespaceSchemaLocation="https://maven.apache.org/surefire/maven-surefire-plugin/xsd/surefire-test-report.xsd" name="ba.unsa.etf.rpr.projekat.OptikaDAOTest" time="0.543" tests="13" errors="0" skipped="0" failures="0">
  <properties>
[...]
</properties>
  <testcase name="getPasswordHash" classname="ba.unsa.etf.rpr.projekat.OptikaDAOTest" time="0.009"/>
  <testcase name="addShop" classname="ba.unsa.etf.rpr.projekat.OptikaDAOTest" time="0"/>
  <testcase name="getGlassesFromShop" classname="ba.unsa.etf.rpr.projekat.OptikaDAOTest" time="0.004"/>
  <testcase name="getEmployee" classname="ba.unsa.etf.rpr.projekat.OptikaDAOTest" time="0.001"/>
  <testcase name="deleteEmployee" classname="ba.unsa.etf.rpr.projekat.OptikaDAOTest" time="0"/>
  <testcase name="getAllShops" classname="ba.unsa.etf.rpr.projekat.OptikaDAOTest" time="0.001"/>
  <testcase name="deleteGlasses" classname="ba.unsa.etf.rpr.projekat.OptikaDAOTest" time="0"/>
  <testcase name="getShop" classname="ba.unsa.etf.rpr.projekat.OptikaDAOTest" time="0.001"/>
  <testcase name="addEmployee" classname="ba.unsa.etf.rpr.projekat.OptikaDAOTest" time="0.001"/>
  <testcase name="sellGlasses" classname="ba.unsa.etf.rpr.projekat.OptikaDAOTest" time="0.003"/>
  <testcase name="getAllEmployees" classname="ba.unsa.etf.rpr.projekat.OptikaDAOTest" time="0"/>
  <testcase name="deleteShop" classname="ba.unsa.etf.rpr.projekat.OptikaDAOTest" time="0"/>
  <testcase name="addGlasses" classname="ba.unsa.etf.rpr.projekat.OptikaDAOTest" time="0"/>
</testsuite>