<?xml version="1.0" encoding="UTF-8"?>
<testsuite xmlns:xsi="http://www.w3.org/2001/XMLSchema-instance" xsi:noNamespaceSchemaLocation="https://maven.apache.org/surefire/maven-surefire-plugin/xsd/surefire-test-report.xsd" name="ba.unsa.etf.rpr.projekat.OptikaDAOTest" time="0.74" tests="13" errors="0" skipped="0" failures="0">
  <properties>
[...]
</properties>
  <testcase name="dajPasswordHash" classname="ba.unsa.etf.rpr.projekat.OptikaDAOTest" time="0.691"/>
  <testcase name="dajSveZaposlenike" classname="ba.unsa.etf.rpr.projekat.OptikaDAOTest" time="0"/>
  <testcase name="prodajNaocale" classname="ba.unsa.etf.rpr.projekat.OptikaDAOTest" time="0.001"/>
  <testcase name="dajRadnju" classname="ba.unsa.etf.rpr.projekat.OptikaDAOTest" time="0.001"/>
  <testcase name="deleteEmployee" classname="ba.unsa.etf.rpr.projekat.OptikaDAOTest" time="0.001"/>
  <testcase name="dodajRadnju" classname="ba.unsa.etf.rpr.projekat.OptikaDAOTest" time="0.001"/>
  <testcase name="getAllShops" classname="ba.unsa.etf.rpr.projekat.OptikaDAOTest" time="0"/>
  <testcase name="deleteGlasses" classname="ba.unsa.etf.rpr.projekat.OptikaDAOTest" time="0"/>
  <testcase name="dajZaposlenika" classname="ba.unsa.etf.rpr.projekat.OptikaDAOTest" time="0.001"/>
  <testcase name="dodajZaposlenika" classname="ba.unsa.etf.rpr.projekat.OptikaDAOTest" time="0.011"/>
  <testcase name="deleteShop" classname="ba.unsa.etf.rpr.projekat.OptikaDAOTest" time="0.001"/>
  <testcase name="addGlasses" classname="ba.unsa.etf.rpr.projekat.OptikaDAOTest" time="0"/>
  <testcase name="dajNaocaleIzRadnje" classname="ba.unsa.etf.rpr.projekat.OptikaDAOTest" time="0.001"/>
</testsuite>